[18:48:44] [main/INFO] (FabricLoader/GameProvider) Loading Minecraft 1.21.4 with Fabric Loader 0.16.9
[18:48:44] [main/INFO] (FabricLoader) Loading 58 mods:
	- authme 8.0.0+1.21.4
	   \-- cloth-config 17.0.144
	        \-- cloth-basic-math 0.6.1
	- capefreeloader 1.0-SNAPSHOT
	- fabric-api 0.112.2+1.21.4
	- fabric-api-base 0.4.54+b47eab6b04
	- fabric-api-lookup-api-v1 1.6.86+b1caf1e904
	- fabric-biome-api-v1 15.0.5+b1caf1e904
	- fabric-block-api-v1 1.0.31+7feeb73304
	- fabric-block-view-api-v2 1.0.19+7feeb73304
	- fabric-blockrenderlayer-v1 2.0.8+7feeb73304
	- fabric-client-gametest-api-v1 1.0.1+b3e1e3dd04
	- fabric-client-tags-api-v1 1.1.29+20ea1e2304
	- fabric-command-api-v1 1.2.62+f71b366f04
	- fabric-command-api-v2 2.2.41+e496eb1504
	- fabric-commands-v0 0.2.79+df3654b304
	- fabric-content-registries-v0 9.1.14+7feeb73304
	- fabric-convention-tags-v1 2.1.9+7f945d5b04
	- fabric-convention-tags-v2 2.9.9+3d1fb53904
	- fabric-crash-report-info-v1 0.3.6+7feeb73304
	- fabric-data-attachment-api-v1 1.4.6+9aea556b04
	- fabric-data-generation-api-v1 22.2.2+20ea1e2304
	- fabric-dimensions-v1 4.0.10+7feeb73304
	- fabric-entity-events-v1 2.0.12+60fccc7604
	- fabric-events-interaction-v0 4.0.2+a4eebcf004
	- fabric-game-rule-api-v1 1.0.62+7feeb73304
	- fabric-gametest-api-v1 2.0.21+7feeb73304
	- fabric-item-api-v1 11.1.14+203e6b2304
	- fabric-item-group-api-v1 4.1.23+7feeb73304
	- fabric-key-binding-api-v1 1.0.56+7feeb73304
	- fabric-keybindings-v0 0.2.54+df3654b304
	- fabric-lifecycle-events-v1 2.5.4+bf2a60eb04
	- fabric-loot-api-v2 3.0.33+3f89f5a504
	- fabric-loot-api-v3 1.0.21+203e6b2304
	- fabric-message-api-v1 6.0.25+7feeb73304
	- fabric-model-loading-api-v1 4.1.1+7b6b225304
	- fabric-networking-api-v1 4.3.9+cc0fa2fe04
	- fabric-object-builder-api-v1 18.0.8+d70d2c0604
	- fabric-particles-v1 4.0.14+7feeb73304
	- fabric-recipe-api-v1 8.0.5+b1caf1e904
	- fabric-registry-sync-v0 6.1.2+3d1fb53904
	- fabric-renderer-api-v1 5.0.2+84404cdd04
	- fabric-renderer-indigo 2.0.2+84404cdd04
	- fabric-rendering-data-attachment-v1 0.3.57+73761d2e04
	- fabric-rendering-fluids-v1 3.1.19+7feeb73304
	- fabric-rendering-v1 10.1.2+b874120c04
	- fabric-resource-conditions-api-v1 5.0.13+203e6b2304
	- fabric-resource-loader-v0 3.0.11+b1caf1e904
	- fabric-screen-api-v1 2.0.38+7feeb73304
	- fabric-screen-handler-api-v1 1.3.109+7feeb73304
	- fabric-sound-api-v1 1.0.32+7feeb73304
	- fabric-tag-api-v1 1.0.2+20ea1e2304
	- fabric-transfer-api-v1 5.4.8+b1caf1e904
	- fabric-transitive-access-wideners-v1 6.3.2+56e78b9b04
	- fabricloader 0.16.9
	- java 21
	- minecraft 1.21.4
	- mixinextras 0.4.1
[18:48:47] [main/INFO] (FabricLoader/Mixin) SpongePowered MIXIN Subsystem Version=0.8.7 Source=file:/home/hayden/.gradle/caches/modules-2/files-2.1/net.fabricmc/sponge-mixin/0.15.4+mixin.0.8.7/6a12aacc794f1078458433116e9ed42c1cc98096/sponge-mixin-0.15.4+mixin.0.8.7.jar Service=Knot/Fabric Env=CLIENT
[18:48:48] [main/INFO] (FabricLoader/Mixin) Loaded Fabric development mappings for mixin remapper!
[18:48:48] [main/INFO] (FabricLoader/Mixin) Compatibility level set to JAVA_21
[18:48:49] [main/INFO] (FabricLoader/MixinExtras|Service) Initializing MixinExtras via com.llamalad7.mixinextras.service.MixinExtrasServiceImpl(version=0.4.1).
[18:48:49] [Datafixer Bootstrap/INFO] (Minecraft) 243 Datafixer optimizations took 288 milliseconds
[18:48:54] [Render thread/INFO] (Minecraft) Environment: Environment[sessionHost=https://sessionserver.mojang.com, servicesHost=https://api.minecraftservices.com, name=PROD]
[18:48:54] [Render thread/INFO] (Minecraft) Setting user: Player640
[18:48:54] [Render thread/INFO] (capefreeloader) Initializing Cape Freeloader
[18:48:54] [Render thread/INFO] (Indigo) [Indigo] Registering Indigo renderer!
[18:48:54] [Render thread/INFO] (Minecraft) Backend library: LWJGL version 3.3.3-snapshot
[18:48:55] [Render thread/INFO] (Minecraft) Reloading ResourceManager: vanilla, fabric, authme, capefreeloader, cloth-config, fabric-api, fabric-api-base, fabric-api-lookup-api-v1, fabric-biome-api-v1, fabric-block-api-v1, fabric-block-view-api-v2, fabric-blockrenderlayer-v1, fabric-client-gametest-api-v1, fabric-client-tags-api-v1, fabric-command-api-v1, fabric-command-api-v2, fabric-commands-v0, fabric-content-registries-v0, fabric-convention-tags-v1, fabric-convention-tags-v2, fabric-crash-report-info-v1, fabric-data-attachment-api-v1, fabric-data-generation-api-v1, fabric-dimensions-v1, fabric-entity-events-v1, fabric-events-interaction-v0, fabric-game-rule-api-v1, fabric-gametest-api-v1, fabric-item-api-v1, fabric-item-group-api-v1, fabric-key-binding-api-v1, fabric-keybindings-v0, fabric-lifecycle-events-v1, fabric-loot-api-v2, fabric-loot-api-v3, fabric-message-api-v1, fabric-model-loading-api-v1, fabric-networking-api-v1, fabric-object-builder-api-v1, fabric-particles-v1, fabric-recipe-api-v1, fabric-registry-sync-v0, fabric-renderer-api-v1, fabric-renderer-indigo, fabric-rendering-data-attachment-v1, fabric-rendering-fluids-v1, fabric-rendering-v1, fabric-resource-conditions-api-v1, fabric-resource-loader-v0, fabric-screen-api-v1, fabric-screen-handler-api-v1, fabric-sound-api-v1, fabric-tag-api-v1, fabric-transfer-api-v1, fabric-transitive-access-wideners-v1, fabricloader
[18:48:55] [Worker-Main-4/INFO] (Minecraft) Found unifont_all_no_pua-16.0.01.hex, loading
[18:48:55] [Worker-Main-4/INFO] (Minecraft) Found unifont_jp_patch-16.0.01.hex, loading
[18:48:56] [Render thread/INFO] (Minecraft) OpenAL initialized on device Built-in Audio Analog Stereo
[18:48:56] [Render thread/INFO] (Minecraft) Sound engine started
[18:48:57] [Render thread/INFO] (Minecraft) Created: 1024x512x4 minecraft:textures/atlas/blocks.png-atlas
[18:48:57] [Render thread/INFO] (Minecraft) Created: 256x256x4 minecraft:textures/atlas/signs.png-atlas
[18:48:57] [Render thread/INFO] (Minecraft) Created: 512x512x4 minecraft:textures/atlas/shield_patterns.png-atlas
[18:48:57] [Render thread/INFO] (Minecraft) Created: 512x512x4 minecraft:textures/atlas/banner_patterns.png-atlas
[18:48:57] [Render thread/INFO] (Minecraft) Created: 2048x1024x4 minecraft:textures/atlas/armor_trims.png-atlas
[18:48:57] [Render thread/INFO] (Minecraft) Created: 128x64x4 minecraft:textures/atlas/decorated_pot.png-atlas
[18:48:57] [Render thread/INFO] (Minecraft) Created: 256x256x4 minecraft:textures/atlas/chest.png-atlas
[18:48:57] [Render thread/INFO] (Minecraft) Created: 512x256x4 minecraft:textures/atlas/shulker_boxes.png-atlas
[18:48:57] [Render thread/INFO] (Minecraft) Created: 512x256x4 minecraft:textures/atlas/beds.png-atlas
[18:48:57] [Render thread/INFO] (Minecraft) Created: 64x64x0 minecraft:textures/atlas/map_decorations.png-atlas
[18:48:57] [Render thread/INFO] (Minecraft) Created: 512x256x0 minecraft:textures/atlas/particles.png-atlas
[18:48:57] [Render thread/INFO] (Minecraft) Created: 512x256x0 minecraft:textures/atlas/paintings.png-atlas
[18:48:57] [Render thread/INFO] (Minecraft) Created: 256x128x0 minecraft:textures/atlas/mob_effects.png-atlas
[18:48:57] [Render thread/INFO] (Minecraft) Created: 1024x512x0 minecraft:textures/atlas/gui.png-atlas
[18:49:03] [Render thread/INFO] (AuthMe) Adding auth button to the multiplayer screen
[18:49:03] [ForkJoinPool.commonPool-worker-1/INFO] (AuthMe) Verifying Minecraft session...
[18:49:03] [ForkJoinPool.commonPool-worker-1/ERROR] (AuthMe) Could not validate the Minecraft session!
com.mojang.authlib.exceptions.InvalidCredentialsException: ForbiddenOperationException
	at knot/com.mojang.authlib.exceptions.MinecraftClientHttpException.toAuthenticationException(MinecraftClientHttpException.java:49) ~[authlib-6.0.57.jar:?]
	at knot/com.mojang.authlib.yggdrasil.YggdrasilMinecraftSessionService.joinServer(YggdrasilMinecraftSessionService.java:81) ~[authlib-6.0.57.jar:?]
	at knot/me.axieum.mcmod.authme.api.util.SessionUtils.lambda$getStatus$1(SessionUtils.java:156) ~[authme-8.0.0+1.21.4-64b5720b4b825f21.jar:?]
	at java.base/java.util.concurrent.CompletableFuture$AsyncSupply.run(CompletableFuture.java:1768) [?:?]
	at java.base/java.util.concurrent.CompletableFuture$AsyncSupply.exec(CompletableFuture.java:1760) [?:?]
	at java.base/java.util.concurrent.ForkJoinTask.doExec(ForkJoinTask.java:387) [?:?]
	at java.base/java.util.concurrent.ForkJoinPool$WorkQueue.topLevelExec(ForkJoinPool.java:1312) [?:?]
	at java.base/java.util.concurrent.ForkJoinPool.scan(ForkJoinPool.java:1843) [?:?]
	at java.base/java.util.concurrent.ForkJoinPool.runWorker(ForkJoinPool.java:1808) [?:?]
	at java.base/java.util.concurrent.ForkJoinWorkerThread.run(ForkJoinWorkerThread.java:188) [?:?]
[18:49:05] [Render thread/INFO] (AuthMe) Adding auth button to the multiplayer screen
[18:49:10] [pool-8-thread-1/INFO] (AuthMe) Acquiring Microsoft auth code...
[18:49:10] [pool-8-thread-1/INFO] (AuthMe) Launching Microsoft login in browser: https://login.microsoftonline.com/consumers/oauth2/v2.0/authorize?client_id=e16699bb-2aa8-46da-b5e3-45cbcce29091&response_type=code&redirect_uri=http%3A%2F%2Flocalhost%3A25585%2Fcallback&scope=XboxLive.signin+offline_access&state=NkHu80HpkoZuI86cvlrWpw
[18:49:10] [pool-8-thread-1/INFO] (AuthMe) Begin listening on http://localhost:25585/callback for a successful Microsoft login...
[18:49:13] [pool-8-thread-1/INFO] (AuthMe) Acquired Microsoft auth code! (M.C551_BL2.2.U....5-6cf00d040d38)
[18:49:15] [pool-8-thread-1/INFO] (AuthMe) Exchanging Microsoft auth code for an access token...
[18:49:15] [pool-8-thread-1/INFO] (AuthMe) [POST] https://login.microsoftonline.com/consumers/oauth2/v2.0/token (timeout=30s)
[18:49:16] [pool-8-thread-1/INFO] (AuthMe) Acquired Microsoft access token! (EwA4A+pvBAAUKod...wdrk3KrpCkLQI=)
[18:49:16] [pool-8-thread-1/INFO] (AuthMe) Exchanging Microsoft access token for an Xbox Live access token...
[18:49:16] [pool-8-thread-1/INFO] (AuthMe) [POST] https://user.auth.xboxlive.com/user/authenticate (timeout=30s)
[18:49:16] [pool-8-thread-1/INFO] (AuthMe) Acquired Xbox Live access token! (eyJhbGciOiJSU0E...7OS62fUrZrpt2g)
[18:49:16] [pool-8-thread-1/INFO] (AuthMe) Exchanging Xbox Live token for an Xbox Live XSTS token...
[18:49:16] [pool-8-thread-1/INFO] (AuthMe) [POST] https://xsts.auth.xboxlive.com/xsts/authorize (timeout=30s)
[18:49:17] [pool-8-thread-1/INFO] (AuthMe) Acquired Xbox Live XSTS token! (token=eyJlbmMiOiJBMTI...Yv6lC5mVR79h1A, uhs=11260865996790638864)
[18:49:17] [pool-8-thread-1/INFO] (AuthMe) Exchanging Xbox Live XSTS token for a Minecraft access token...
[18:49:17] [pool-8-thread-1/INFO] (AuthMe) [POST] https://api.minecraftservices.com/authentication/login_with_xbox (timeout=30s)
[18:49:17] [pool-8-thread-1/INFO] (AuthMe) Acquired Minecraft access token! (eyJraWQiOiJhYzg...-r-jUpsEIKi1nw)
[18:49:17] [pool-8-thread-1/INFO] (AuthMe) Fetching Minecraft profile...
[18:49:17] [pool-8-thread-1/INFO] (AuthMe) [GET] https://api.minecraftservices.com/minecraft/profile (timeout=30s)
[18:49:17] [pool-8-thread-1/INFO] (AuthMe) Fetched Minecraft profile! (name=dudechill8D, uuid=c05734f5-d822-49e6-b24e-2184116daf4f)
[18:49:17] [pool-8-thread-1/INFO] (AuthMe) Minecraft session for dudechill8D (uuid=c05734f5-d822-49e6-b24e-2184116daf4f) has been applied
[18:49:17] [pool-8-thread-1/INFO] (AuthMe) Successfully logged in via Microsoft!
[18:49:17] [Render thread/INFO] (AuthMe) Adding auth button to the multiplayer screen
[18:49:17] [ForkJoinPool.commonPool-worker-1/INFO] (AuthMe) Verifying Minecraft session...
[18:49:17] [ForkJoinPool.commonPool-worker-1/INFO] (AuthMe) The Minecraft session is valid
[18:49:30] [Render thread/INFO] (Minecraft) Loaded 1370 recipes
[18:49:30] [Render thread/INFO] (Minecraft) Loaded 1481 advancements
[18:49:30] [Render thread/INFO] (BiomeModificationImpl) Applied 0 biome modifications to 0 of 65 new biomes in 890.1 μs
[18:49:30] [Server thread/INFO] (Minecraft) Starting integrated minecraft server version 1.21.4
[18:49:30] [Server thread/INFO] (Minecraft) Generating keypair
[18:49:30] [Server thread/INFO] (Minecraft) Preparing start region for dimension minecraft:overworld
[18:49:30] [Render thread/INFO] (Minecraft) Preparing spawn area: 0%
[18:49:30] [Render thread/INFO] (Minecraft) Time elapsed: 187 ms
[18:49:30] [Server thread/INFO] (Minecraft) Changing view distance to 12, from 10
[18:49:30] [Server thread/INFO] (Minecraft) Changing simulation distance to 12, from 0
[18:49:31] [Server thread/INFO] (Minecraft) dudechill8D[local:E:6d4ff6c4] logged in with entity id 5 at (-221.341454664776, -53.0, 32.33107853883109)
[18:49:31] [Server thread/INFO] (Minecraft) dudechill8D joined the game
[18:49:31] [Render thread/INFO] (Minecraft) Loaded 111 advancements
[18:49:31] [Worker-Main-1/INFO] (capefreeloader) ========================================================
[18:51:03] [Server thread/INFO] (Minecraft) [dudechill8D: Applied effect Jump Boost to dudechill8D]
[18:51:03] [Render thread/INFO] (Minecraft) [System] [CHAT] Applied effect Jump Boost to dudechill8D
[18:51:12] [Server thread/INFO] (Minecraft) [dudechill8D: Applied effect Jump Boost to dudechill8D]
[18:51:12] [Render thread/INFO] (Minecraft) [System] [CHAT] Applied effect Jump Boost to dudechill8D
[18:51:26] [Server thread/INFO] (Minecraft) [dudechill8D: Removed every effect from dudechill8D]
[18:51:26] [Render thread/INFO] (Minecraft) [System] [CHAT] Removed every effect from dudechill8D
[18:51:32] [Server thread/INFO] (Minecraft) [dudechill8D: Applied effect Jump Boost to dudechill8D]
[18:51:32] [Render thread/INFO] (Minecraft) [System] [CHAT] Applied effect Jump Boost to dudechill8D
[18:57:12] [Server thread/INFO] (Minecraft) [dudechill8D: Removed every effect from dudechill8D]
[18:57:12] [Render thread/INFO] (Minecraft) [System] [CHAT] Removed every effect from dudechill8D
[18:57:17] [Server thread/INFO] (Minecraft) Saving and pausing game...
[18:57:17] [Server thread/INFO] (Minecraft) Saving chunks for level 'ServerLevel[New World]'/minecraft:overworld
[18:57:17] [Server thread/INFO] (Minecraft) Saving chunks for level 'ServerLevel[New World]'/minecraft:the_end
[18:57:17] [Server thread/INFO] (Minecraft) Saving chunks for level 'ServerLevel[New World]'/minecraft:the_nether
[18:57:19] [Server thread/INFO] (Minecraft) dudechill8D lost connection: Disconnected
[18:57:19] [Server thread/INFO] (Minecraft) dudechill8D left the game
[18:57:19] [Server thread/INFO] (Minecraft) Stopping singleplayer server as player logged out
[18:57:19] [Server thread/INFO] (Minecraft) Stopping server
[18:57:19] [Server thread/INFO] (Minecraft) Saving players
[18:57:19] [Server thread/INFO] (Minecraft) Saving worlds
[18:57:19] [Server thread/INFO] (Minecraft) Saving chunks for level 'ServerLevel[New World]'/minecraft:overworld
[18:57:19] [Server thread/INFO] (Minecraft) Saving chunks for level 'ServerLevel[New World]'/minecraft:the_end
[18:57:19] [Server thread/INFO] (Minecraft) Saving chunks for level 'ServerLevel[New World]'/minecraft:the_nether
[18:57:19] [Server thread/INFO] (Minecraft) ThreadedAnvilChunkStorage (New World): All chunks are saved
[18:57:19] [Server thread/INFO] (Minecraft) ThreadedAnvilChunkStorage (DIM1): All chunks are saved
[18:57:19] [Server thread/INFO] (Minecraft) ThreadedAnvilChunkStorage (DIM-1): All chunks are saved
[18:57:19] [Server thread/INFO] (Minecraft) ThreadedAnvilChunkStorage: All dimensions are saved
[18:57:37] [Render thread/INFO] (Minecraft) Stopping!
